d:\__doc\liza\desktop\5-й семестр\ввит\1\mydll1\debug\mydll1.pch
d:\__doc\liza\desktop\5-й семестр\ввит\1\mydll1\debug\vc142.pdb
d:\__doc\liza\desktop\5-й семестр\ввит\1\mydll1\debug\pch.obj
d:\__doc\liza\desktop\5-й семестр\ввит\1\mydll1\debug\mydll1.obj
d:\__doc\liza\desktop\5-й семестр\ввит\1\mydll1\debug\assemblyinfo.obj
d:\__doc\liza\desktop\5-й семестр\ввит\1\mydll1\debug\.netframework,version=v4.7.2.assemblyattributes.obj
d:\__doc\liza\desktop\5-й семестр\ввит\1\mydll1\debug\mydll1.dll
d:\__doc\liza\desktop\5-й семестр\ввит\1\mydll1\debug\mydll1.pdb
d:\__doc\liza\desktop\5-й семестр\ввит\1\mydll1\debug\app.res
d:\__doc\liza\desktop\5-й семестр\ввит\1\mydll1\debug\mydll1.vcxprojassemblyreference.cache
d:\__doc\liza\desktop\5-й семестр\ввит\1\mydll1\debug\mydll1.dll.metagen
d:\__doc\liza\desktop\5-й семестр\ввит\1\mydll1\debug\mydll1.tlog\cl.command.1.tlog
d:\__doc\liza\desktop\5-й семестр\ввит\1\mydll1\debug\mydll1.tlog\cl.read.1.tlog
d:\__doc\liza\desktop\5-й семестр\ввит\1\mydll1\debug\mydll1.tlog\cl.write.1.tlog
d:\__doc\liza\desktop\5-й семестр\ввит\1\mydll1\debug\mydll1.tlog\link.command.1.tlog
d:\__doc\liza\desktop\5-й семестр\ввит\1\mydll1\debug\mydll1.tlog\link.read.1.tlog
d:\__doc\liza\desktop\5-й семестр\ввит\1\mydll1\debug\mydll1.tlog\link.write.1.tlog
d:\__doc\liza\desktop\5-й семестр\ввит\1\mydll1\debug\mydll1.tlog\metagen.read.1.tlog
d:\__doc\liza\desktop\5-й семестр\ввит\1\mydll1\debug\mydll1.tlog\metagen.write.1.tlog
d:\__doc\liza\desktop\5-й семестр\ввит\1\mydll1\debug\mydll1.tlog\rc.command.1.tlog
d:\__doc\liza\desktop\5-й семестр\ввит\1\mydll1\debug\mydll1.tlog\rc.read.1.tlog
d:\__doc\liza\desktop\5-й семестр\ввит\1\mydll1\debug\mydll1.tlog\rc.write.1.tlog
